Determining if the pthread_create exist failed with the following output:
Change Dir: /home/robond/workspace/where-am-i/build/CMakeFiles/CMakeTmp

Run Build Command:"/usr/bin/make" "cmTC_735fb/fast"
/usr/bin/make -f CMakeFiles/cmTC_735fb.dir/build.make CMakeFiles/cmTC_735fb.dir/build
make[1]: Entering directory '/home/robond/workspace/where-am-i/build/CMakeFiles/CMakeTmp'
Building C object CMakeFiles/cmTC_735fb.dir/CheckSymbolExists.c.o
/usr/bin/cc     -o CMakeFiles/cmTC_735fb.dir/CheckSymbolExists.c.o   -c /home/robond/workspace/where-am-i/build/CMakeFiles/CMakeTmp/CheckSymbolExists.c
Linking C executable cmTC_735fb
/usr/bin/cmake -E cmake_link_script CMakeFiles/cmTC_735fb.dir/link.txt --verbose=1
/usr/bin/cc       CMakeFiles/cmTC_735fb.dir/CheckSymbolExists.c.o  -o cmTC_735fb -rdynamic 
CMakeFiles/cmTC_735fb.dir/CheckSymbolExists.c.o: In function `main':
CheckSymbolExists.c:(.text+0x16): undefined reference to `pthread_create'
collect2: error: ld returned 1 exit status
CMakeFiles/cmTC_735fb.dir/build.make:97: recipe for target 'cmTC_735fb' failed
make[1]: *** [cmTC_735fb] Error 1
make[1]: Leaving directory '/home/robond/workspace/where-am-i/build/CMakeFiles/CMakeTmp'
Makefile:126: recipe for target 'cmTC_735fb/fast' failed
make: *** [cmTC_735fb/fast] Error 2

File /home/robond/workspace/where-am-i/build/CMakeFiles/CMakeTmp/CheckSymbolExists.c:
/* */
#include <pthread.h>

int main(int argc, char** argv)
{
  (void)argv;
#ifndef pthread_create
  return ((int*)(&pthread_create))[argc];
#else
  (void)argc;
  return 0;
#endif
}

Determining if the function pthread_create exists in the pthreads failed with the following output:
Change Dir: /home/robond/workspace/where-am-i/build/CMakeFiles/CMakeTmp

Run Build Command:"/usr/bin/make" "cmTC_9a3b1/fast"
/usr/bin/make -f CMakeFiles/cmTC_9a3b1.dir/build.make CMakeFiles/cmTC_9a3b1.dir/build
make[1]: Entering directory '/home/robond/workspace/where-am-i/build/CMakeFiles/CMakeTmp'
Building C object CMakeFiles/cmTC_9a3b1.dir/CheckFunctionExists.c.o
/usr/bin/cc    -DCHECK_FUNCTION_EXISTS=pthread_create   -o CMakeFiles/cmTC_9a3b1.dir/CheckFunctionExists.c.o   -c /usr/share/cmake-3.5/Modules/CheckFunctionExists.c
Linking C executable cmTC_9a3b1
/usr/bin/cmake -E cmake_link_script CMakeFiles/cmTC_9a3b1.dir/link.txt --verbose=1
/usr/bin/cc   -DCHECK_FUNCTION_EXISTS=pthread_create    CMakeFiles/cmTC_9a3b1.dir/CheckFunctionExists.c.o  -o cmTC_9a3b1 -rdynamic -lpthreads 
/usr/bin/ld: cannot find -lpthreads
collect2: error: ld returned 1 exit status
CMakeFiles/cmTC_9a3b1.dir/build.make:97: recipe for target 'cmTC_9a3b1' failed
make[1]: *** [cmTC_9a3b1] Error 1
make[1]: Leaving directory '/home/robond/workspace/where-am-i/build/CMakeFiles/CMakeTmp'
Makefile:126: recipe for target 'cmTC_9a3b1/fast' failed
make: *** [cmTC_9a3b1/fast] Error 2


